<?xml version="1.0" encoding="UTF-8"?>
<!-- Generated by org.testng.reporters.JUnitReportReporter -->
<testsuite skipped="0" hostname="fecdc6bae433" name="com.newtours.test.BookFlightTest" tests="20" failures="0" timestamp="03 Jul 2020 07:23:41 GMT" time="44.393" errors="0">
  <testcase name="flightDetailsPageTest" time="1.452" classname="com.newtours.test.BookFlightTest"/>
  <testcase name="findFlightPageTest" time="3.037" classname="com.newtours.test.BookFlightTest"/>
  <testcase name="findFlightPageTest" time="2.733" classname="com.newtours.test.BookFlightTest"/>
  <testcase name="flightDetailsPageTest" time="1.313" classname="com.newtours.test.BookFlightTest"/>
  <testcase name="RegistrationPageTest" time="3.664" classname="com.newtours.test.BookFlightTest"/>
  <testcase name="flightConfirmationPageTest" time="1.515" classname="com.newtours.test.BookFlightTest"/>
  <testcase name="flightDetailsPageTest" time="1.274" classname="com.newtours.test.BookFlightTest"/>
  <testcase name="flightConfirmationPageTest" time="1.516" classname="com.newtours.test.BookFlightTest"/>
  <testcase name="findFlightPageTest" time="2.738" classname="com.newtours.test.BookFlightTest"/>
  <testcase name="flightConfirmationPageTest" time="1.567" classname="com.newtours.test.BookFlightTest"/>
  <testcase name="RegistrationPageTest" time="3.928" classname="com.newtours.test.BookFlightTest"/>
  <testcase name="findFlightPageTest" time="2.529" classname="com.newtours.test.BookFlightTest"/>
  <testcase name="RegistrationPageTest" time="4.833" classname="com.newtours.test.BookFlightTest"/>
  <testcase name="registrationConfirmationPageTest" time="1.666" classname="com.newtours.test.BookFlightTest"/>
  <testcase name="flightDetailsPageTest" time="1.308" classname="com.newtours.test.BookFlightTest"/>
  <testcase name="flightConfirmationPageTest" time="1.625" classname="com.newtours.test.BookFlightTest"/>
  <testcase name="registrationConfirmationPageTest" time="1.270" classname="com.newtours.test.BookFlightTest"/>
  <testcase name="registrationConfirmationPageTest" time="1.230" classname="com.newtours.test.BookFlightTest"/>
  <testcase name="registrationConfirmationPageTest" time="1.224" classname="com.newtours.test.BookFlightTest"/>
  <testcase name="RegistrationPageTest" time="3.971" classname="com.newtours.test.BookFlightTest"/>
</testsuite> <!-- com.newtours.test.BookFlightTest -->
