<?xml version="1.0" encoding="UTF-8"?>
<!-- Generated by org.testng.reporters.JUnitReportReporter -->
<testsuite skipped="0" hostname="bd6084a4883a" name="com.searchModule.Test.SearchTest" tests="5" failures="0" timestamp="03 Jul 2020 07:23:08 GMT" time="18.904" errors="0">
  <testcase name="search" time="3.392" classname="com.searchModule.Test.SearchTest"/>
  <testcase name="search" time="4.825" classname="com.searchModule.Test.SearchTest"/>
  <testcase name="search" time="3.531" classname="com.searchModule.Test.SearchTest"/>
  <testcase name="search" time="3.745" classname="com.searchModule.Test.SearchTest"/>
  <testcase name="search" time="3.411" classname="com.searchModule.Test.SearchTest"/>
</testsuite> <!-- com.searchModule.Test.SearchTest -->
